2018-08-23 22:48:36.983  INFO 8768 --- [restartedMain] h.g.ordersystem.OrdersystemApplication   : Starting OrdersystemApplication on PaulGeorge with PID 8768 (C:\Users\lenovo\Desktop\NewOrderSystem\target\classes started by lenovo in C:\Users\lenovo\Desktop\NewOrderSystem)
2018-08-23 22:48:36.985  INFO 8768 --- [restartedMain] h.g.ordersystem.OrdersystemApplication   : No active profile set, falling back to default profiles: default
2018-08-23 22:48:37.168  INFO 8768 --- [restartedMain] ConfigServletWebServerApplicationContext : Refreshing org.springframework.boot.web.servlet.context.AnnotationConfigServletWebServerApplicationContext@7fe03743: startup date [Thu Aug 23 22:48:37 CST 2018]; root of context hierarchy
2018-08-23 22:48:39.207  INFO 8768 --- [restartedMain] .s.d.r.c.RepositoryConfigurationDelegate : Multiple Spring Data modules found, entering strict repository configuration mode!
2018-08-23 22:48:39.475  INFO 8768 --- [restartedMain] .s.d.r.c.RepositoryConfigurationDelegate : Multiple Spring Data modules found, entering strict repository configuration mode!
2018-08-23 22:48:39.615  INFO 8768 --- [restartedMain] .RepositoryConfigurationExtensionSupport : Spring Data Redis - Could not safely identify store assignment for repository candidate interface hsbc.groupthree.ordersystem.manager.repository.ManagerLoginRepository.
2018-08-23 22:48:39.616  INFO 8768 --- [restartedMain] .RepositoryConfigurationExtensionSupport : Spring Data Redis - Could not safely identify store assignment for repository candidate interface hsbc.groupthree.ordersystem.manager.repository.ManagerRepository.
2018-08-23 22:48:39.617  INFO 8768 --- [restartedMain] .RepositoryConfigurationExtensionSupport : Spring Data Redis - Could not safely identify store assignment for repository candidate interface hsbc.groupthree.ordersystem.order.repository.OrderRepository.
2018-08-23 22:48:39.618  INFO 8768 --- [restartedMain] .RepositoryConfigurationExtensionSupport : Spring Data Redis - Could not safely identify store assignment for repository candidate interface hsbc.groupthree.ordersystem.product.repository.ProductRepository.
2018-08-23 22:48:39.618  INFO 8768 --- [restartedMain] .RepositoryConfigurationExtensionSupport : Spring Data Redis - Could not safely identify store assignment for repository candidate interface hsbc.groupthree.ordersystem.product.repository.ProductTypeRepository.
2018-08-23 22:48:39.619  INFO 8768 --- [restartedMain] .RepositoryConfigurationExtensionSupport : Spring Data Redis - Could not safely identify store assignment for repository candidate interface hsbc.groupthree.ordersystem.systemlog.repository.SystemLogRepository.
2018-08-23 22:48:39.619  INFO 8768 --- [restartedMain] .RepositoryConfigurationExtensionSupport : Spring Data Redis - Could not safely identify store assignment for repository candidate interface hsbc.groupthree.ordersystem.user.repository.RoleInfoRepository.
2018-08-23 22:48:39.622  INFO 8768 --- [restartedMain] .RepositoryConfigurationExtensionSupport : Spring Data Redis - Could not safely identify store assignment for repository candidate interface hsbc.groupthree.ordersystem.user.repository.UserRepository.
2018-08-23 22:48:40.239  INFO 8768 --- [restartedMain] trationDelegate$BeanPostProcessorChecker : Bean 'org.springframework.transaction.annotation.ProxyTransactionManagementConfiguration' of type [org.springframework.transaction.annotation.ProxyTransactionManagementConfiguration$$EnhancerBySpringCGLIB$$14714bc0] is not eligible for getting processed by all BeanPostProcessors (for example: not eligible for auto-proxying)
2018-08-23 22:48:40.314  INFO 8768 --- [restartedMain] trationDelegate$BeanPostProcessorChecker : Bean 'org.springframework.security.config.annotation.configuration.ObjectPostProcessorConfiguration' of type [org.springframework.security.config.annotation.configuration.ObjectPostProcessorConfiguration$$EnhancerBySpringCGLIB$$ad1f13fa] is not eligible for getting processed by all BeanPostProcessors (for example: not eligible for auto-proxying)
2018-08-23 22:48:40.326  INFO 8768 --- [restartedMain] trationDelegate$BeanPostProcessorChecker : Bean 'objectPostProcessor' of type [org.springframework.security.config.annotation.configuration.AutowireBeanFactoryObjectPostProcessor] is not eligible for getting processed by all BeanPostProcessors (for example: not eligible for auto-proxying)
2018-08-23 22:48:40.332  INFO 8768 --- [restartedMain] trationDelegate$BeanPostProcessorChecker : Bean 'org.springframework.security.access.expression.method.DefaultMethodSecurityExpressionHandler@2feee9f3' of type [org.springframework.security.access.expression.method.DefaultMethodSecurityExpressionHandler] is not eligible for getting processed by all BeanPostProcessors (for example: not eligible for auto-proxying)
2018-08-23 22:48:40.342  INFO 8768 --- [restartedMain] trationDelegate$BeanPostProcessorChecker : Bean 'org.springframework.security.config.annotation.method.configuration.GlobalMethodSecurityConfiguration' of type [org.springframework.security.config.annotation.method.configuration.GlobalMethodSecurityConfiguration$$EnhancerBySpringCGLIB$$d1f3b6ac] is not eligible for getting processed by all BeanPostProcessors (for example: not eligible for auto-proxying)
2018-08-23 22:48:40.354  INFO 8768 --- [restartedMain] trationDelegate$BeanPostProcessorChecker : Bean 'methodSecurityMetadataSource' of type [org.springframework.security.access.method.DelegatingMethodSecurityMetadataSource] is not eligible for getting processed by all BeanPostProcessors (for example: not eligible for auto-proxying)
2018-08-23 22:48:40.902  INFO 8768 --- [restartedMain] o.s.b.w.embedded.tomcat.TomcatWebServer  : Tomcat initialized with port(s): 8083 (http)
2018-08-23 22:48:40.930  INFO 8768 --- [restartedMain] o.apache.catalina.core.StandardService   : Starting service [Tomcat]
2018-08-23 22:48:40.931  INFO 8768 --- [restartedMain] org.apache.catalina.core.StandardEngine  : Starting Servlet Engine: Apache Tomcat/8.5.31
2018-08-23 22:48:40.936  INFO 8768 --- [localhost-startStop-1] o.a.catalina.core.AprLifecycleListener   : The APR based Apache Tomcat Native library which allows optimal performance in production environments was not found on the java.library.path: [D:\java jdk8\bin;C:\Windows\Sun\Java\bin;C:\Windows\system32;C:\Windows;D:\Python3.6.5\Scripts\;D:\Python3.6.5\;C:\ProgramData\Oracle\Java\javapath;D:\JDK\bin;C:\Program Files (x86)\Lenovo\FusionEngine;C:\Program Files (x86)\Intel\iCLS Client\;C:\Program Files\Intel\iCLS Client\;C:\Windows\system32;C:\Windows;C:\Windows\System32\Wbem;C:\Windows\System32\WindowsPowerShell\v1.0\;C:\Program Files (x86)\ATI Technologies\ATI.ACE\Core-Static;C:\Program Files\Intel\Intel(R) Management Engine Components\DAL;C:\Program Files\Intel\Intel(R) Management Engine Components\IPT;C:\Program Files (x86)\Intel\Intel(R) Management Engine Components\DAL;C:\Program Files (x86)\Intel\Intel(R) Management Engine Components\IPT;C:\Program Files (x86)\Common Files\lenovo\easyplussdk\bin;D:\matlab\runtime\win64;D:\matlab\bin;C:\Program Files (x86)\Microsoft SDKs\TypeScript\1.0\;C:\Program Files\Microsoft SQL Server\110\Tools\Binn\;C:\Program Files (x86)\GtkSharp\2.12\bin;C:\Program Files\Microsoft SQL Server\110\DTS\Binn\;C:\Program Files (x86)\Microsoft SQL Server\110\Tools\Binn\;C:\Program Files (x86)\Microsoft SQL Server\110\Tools\Binn\ManagementStudio\;C:\Program Files (x86)\Microsoft Visual Studio 10.0\Common7\IDE\PrivateAssemblies\;C:\Program Files (x86)\Microsoft SQL Server\110\DTS\Binn\;D:\xampp\php;D:\php-7.1.10;D:\wamp64\bin\php\php7.1.9;D:\wamp64\bin\php\php7.0.23;D:\wamp64\bin\php\php5.6.31;D:\wamp64\www\yii\framework;C:\Program Files\Microsoft SQL Server\130\Tools\Binn\;%CATALINA_HOME%\bin\;D:\Tomcat 8.5\bin\;C:\JAVA\bin;D:\java jdk8\bin;D:\apache-maven-3.5.2-bin\apache-maven-3.5.2\bin;D:\Git 2.13.0\Git\cmd;D:\MySQL Server 5.5\bin;D:\maven\apache-maven-3.5.4-bin\apache-maven-3.5.4\bin;D:\Node.JS\;C:\JAVA\bin;D:\Users\lenovo\Anaconda2;D:\Users\lenovo\Anaconda2\Scripts;D:\Users\lenovo\Anaconda2\Library\bin;C:\ProgramData\Oracle\Java\javapath;D:\JDK\bin;C:\Program Files (x86)\Lenovo\FusionEngine;C:\Program Files (x86)\Intel\iCLS Client\;C:\Program Files\Intel\iCLS Client\;C:\Windows\system32;C:\Windows;C:\Windows\System32\Wbem;C:\Windows\System32\WindowsPowerShell\v1.0\;C:\Program Files (x86)\ATI Technologies\ATI.ACE\Core-Static;C:\Program Files\Intel\Intel(R) Management Engine Components\DAL;C:\Program Files\Intel\Intel(R) Management Engine Components\IPT;C:\Program Files (x86)\Intel\Intel(R) Management Engine Components\DAL;C:\Program Files (x86)\Intel\Intel(R) Management Engine Components\IPT;C:\Program Files (x86)\Common Files\lenovo\easyplussdk\bin;D:\matlab\runtime\win64;D:\matlab\bin;C:\Program Files (x86)\Microsoft SDKs\TypeScript\1.0\;C:\Program Files\Microsoft SQL Server\110\Tools\Binn\;C:\Program Files (x86)\GtkSharp\2.12\bin;C:\Program Files\Microsoft SQL Server\110\DTS\Binn\;C:\Program Files;D:\node.js\node_global\;C:\Users\lenovo\AppData\Roaming\npm;.]
2018-08-23 22:48:41.178  INFO 8768 --- [localhost-startStop-1] o.a.c.c.C.[Tomcat].[localhost].[/]       : Initializing Spring embedded WebApplicationContext
2018-08-23 22:48:41.179  INFO 8768 --- [localhost-startStop-1] o.s.web.context.ContextLoader            : Root WebApplicationContext: initialization completed in 4011 ms
2018-08-23 22:48:41.872  INFO 8768 --- [localhost-startStop-1] j.LocalContainerEntityManagerFactoryBean : Building JPA container EntityManagerFactory for persistence unit 'default'
2018-08-23 22:48:42.026  INFO 8768 --- [localhost-startStop-1] o.hibernate.jpa.internal.util.LogHelper  : HHH000204: Processing PersistenceUnitInfo [
	name: default
	...]
2018-08-23 22:48:42.149  INFO 8768 --- [localhost-startStop-1] org.hibernate.Version                    : HHH000412: Hibernate Core {5.2.17.Final}
2018-08-23 22:48:42.155  INFO 8768 --- [localhost-startStop-1] org.hibernate.cfg.Environment            : HHH000206: hibernate.properties not found
2018-08-23 22:48:42.215  INFO 8768 --- [localhost-startStop-1] o.hibernate.annotations.common.Version   : HCANN000001: Hibernate Commons Annotations {5.0.1.Final}
2018-08-23 22:48:43.215  INFO 8768 --- [localhost-startStop-1] com.zaxxer.hikari.HikariDataSource       : HikariPool-1 - Starting...
2018-08-23 22:48:43.525  INFO 8768 --- [localhost-startStop-1] com.zaxxer.hikari.HikariDataSource       : HikariPool-1 - Start completed.
2018-08-23 22:48:43.538  INFO 8768 --- [localhost-startStop-1] org.hibernate.dialect.Dialect            : HHH000400: Using dialect: org.hibernate.dialect.MySQL5Dialect
2018-08-23 22:48:44.719  INFO 8768 --- [localhost-startStop-1] j.LocalContainerEntityManagerFactoryBean : Initialized JPA EntityManagerFactory for persistence unit 'default'
2018-08-23 22:48:45.122  INFO 8768 --- [localhost-startStop-1] o.h.h.i.QueryTranslatorFactoryInitiator  : HHH000397: Using ASTQueryTranslatorFactory
2018-08-23 22:48:45.672  INFO 8768 --- [localhost-startStop-1] o.s.b.w.servlet.FilterRegistrationBean   : Mapping filter: 'characterEncodingFilter' to: [/*]
2018-08-23 22:48:45.673  INFO 8768 --- [localhost-startStop-1] o.s.b.w.servlet.FilterRegistrationBean   : Mapping filter: 'hiddenHttpMethodFilter' to: [/*]
2018-08-23 22:48:45.674  INFO 8768 --- [localhost-startStop-1] o.s.b.w.servlet.FilterRegistrationBean   : Mapping filter: 'httpPutFormContentFilter' to: [/*]
2018-08-23 22:48:45.675  INFO 8768 --- [localhost-startStop-1] o.s.b.w.servlet.FilterRegistrationBean   : Mapping filter: 'requestContextFilter' to: [/*]
2018-08-23 22:48:45.676  INFO 8768 --- [localhost-startStop-1] .s.DelegatingFilterProxyRegistrationBean : Mapping filter: 'springSecurityFilterChain' to: [/*]
2018-08-23 22:48:45.677  INFO 8768 --- [localhost-startStop-1] o.s.b.w.servlet.FilterRegistrationBean   : Mapping filter: 'authenticationFilter' to: [/*]
2018-08-23 22:48:45.677  INFO 8768 --- [localhost-startStop-1] o.s.b.w.servlet.ServletRegistrationBean  : Servlet dispatcherServlet mapped to [/]
2018-08-23 22:48:46.714  INFO 8768 --- [restartedMain] o.s.s.web.DefaultSecurityFilterChain     : Creating filter chain: org.springframework.security.web.util.matcher.AnyRequestMatcher@1, [org.springframework.security.web.context.request.async.WebAsyncManagerIntegrationFilter@5c3da7e4, org.springframework.security.web.context.SecurityContextPersistenceFilter@563d2ea0, org.springframework.security.web.header.HeaderWriterFilter@4cd32a5e, org.springframework.security.web.authentication.logout.LogoutFilter@6d99c8dc, hsbc.groupthree.ordersystem.commons.security.JwtAthenticationFilter@5c2e6cec, org.springframework.security.web.savedrequest.RequestCacheAwareFilter@6a4e50c8, org.springframework.security.web.servletapi.SecurityContextHolderAwareRequestFilter@4e9b2d16, org.springframework.security.web.authentication.AnonymousAuthenticationFilter@962e86a, org.springframework.security.web.session.SessionManagementFilter@2e63b241, org.springframework.security.web.access.ExceptionTranslationFilter@419b9dfe, org.springframework.security.web.access.intercept.FilterSecurityInterceptor@2f82e029]
2018-08-23 22:48:46.887  INFO 8768 --- [restartedMain] o.s.w.s.handler.SimpleUrlHandlerMapping  : Mapped URL path [/**/favicon.ico] onto handler of type [class org.springframework.web.servlet.resource.ResourceHttpRequestHandler]
2018-08-23 22:48:47.236  INFO 8768 --- [restartedMain] s.w.s.m.m.a.RequestMappingHandlerAdapter : Looking for @ControllerAdvice: org.springframework.boot.web.servlet.context.AnnotationConfigServletWebServerApplicationContext@7fe03743: startup date [Thu Aug 23 22:48:37 CST 2018]; root of context hierarchy
2018-08-23 22:48:47.284  WARN 8768 --- [restartedMain] aWebConfiguration$JpaWebMvcConfiguration : spring.jpa.open-in-view is enabled by default. Therefore, database queries may be performed during view rendering. Explicitly configure spring.jpa.open-in-view to disable this warning
2018-08-23 22:48:47.368  INFO 8768 --- [restartedMain] s.w.s.m.m.a.RequestMappingHandlerMapping : Mapped "{[/manager/delete/products],methods=[POST]}" onto public int hsbc.groupthree.ordersystem.manager.controller.ManagerController.deleteProductByProductId(hsbc.groupthree.ordersystem.product.entity.ProductInfo)
2018-08-23 22:48:47.370  INFO 8768 --- [restartedMain] s.w.s.m.m.a.RequestMappingHandlerMapping : Mapped "{[/get/productType],methods=[GET]}" onto public java.util.List<hsbc.groupthree.ordersystem.product.entity.ProductTypeInfo> hsbc.groupthree.ordersystem.manager.controller.ManagerController.getProductTypeList()
2018-08-23 22:48:47.372  INFO 8768 --- [restartedMain] s.w.s.m.m.a.RequestMappingHandlerMapping : Mapped "{[/manager/findProduct/byProductCodeOrProductName],methods=[POST]}" onto public java.util.List<hsbc.groupthree.ordersystem.product.entity.ProductInfo> hsbc.groupthree.ordersystem.manager.controller.ManagerController.findByProductCodeOrProductName(java.lang.String,java.lang.String)
2018-08-23 22:48:47.372  INFO 8768 --- [restartedMain] s.w.s.m.m.a.RequestMappingHandlerMapping : Mapped "{[/manager/add/products],methods=[POST]}" onto public java.lang.Boolean hsbc.groupthree.ordersystem.manager.controller.ManagerController.addProduct(hsbc.groupthree.ordersystem.product.entity.ProductInfo,java.lang.String,org.springframework.web.multipart.MultipartFile)
2018-08-23 22:48:47.372  INFO 8768 --- [restartedMain] s.w.s.m.m.a.RequestMappingHandlerMapping : Mapped "{[/manager/login]}" onto public hsbc.groupthree.ordersystem.result.ResultInfo hsbc.groupthree.ordersystem.manager.controller.ManagerController.login(java.lang.String,java.lang.String,javax.servlet.http.HttpServletResponse)
2018-08-23 22:48:47.373  INFO 8768 --- [restartedMain] s.w.s.m.m.a.RequestMappingHandlerMapping : Mapped "{[/manager/productlist],methods=[POST]}" onto public org.springframework.data.domain.Page<hsbc.groupthree.ordersystem.product.entity.ProductInfo> hsbc.groupthree.ordersystem.manager.controller.ManagerController.getAllProduct(int,int,java.lang.String)
2018-08-23 22:48:47.377  INFO 8768 --- [restartedMain] s.w.s.m.m.a.RequestMappingHandlerMapping : Mapped "{[/order/findorderbyproductselldate],methods=[GET]}" onto public java.util.List<hsbc.groupthree.ordersystem.order.entity.OrderInfo> hsbc.groupthree.ordersystem.order.controller.OrderController.findOrderByProductSellDate(java.lang.String,javax.servlet.http.HttpServletRequest,javax.servlet.http.HttpServletResponse)
2018-08-23 22:48:47.378  INFO 8768 --- [restartedMain] s.w.s.m.m.a.RequestMappingHandlerMapping : Mapped "{[/order/findorderbyproductduelate],methods=[GET]}" onto public java.util.List<hsbc.groupthree.ordersystem.order.entity.OrderInfo> hsbc.groupthree.ordersystem.order.controller.OrderController.findOrderByProductDuelate(java.lang.String,javax.servlet.http.HttpServletResponse,javax.servlet.http.HttpServletRequest)
2018-08-23 22:48:47.379  INFO 8768 --- [restartedMain] s.w.s.m.m.a.RequestMappingHandlerMapping : Mapped "{[/order/showuserorder],methods=[GET]}" onto public java.util.List<hsbc.groupthree.ordersystem.order.entity.OrderInfo> hsbc.groupthree.ordersystem.order.controller.OrderController.showAllOrderOfUser(java.lang.String,javax.servlet.http.HttpServletResponse,javax.servlet.http.HttpServletRequest)
2018-08-23 22:48:47.379  INFO 8768 --- [restartedMain] s.w.s.m.m.a.RequestMappingHandlerMapping : Mapped "{[/order/tocancelorder],methods=[POST]}" onto public java.lang.Object hsbc.groupthree.ordersystem.order.controller.OrderController.toCancelOrder(java.lang.String,java.lang.String,javax.servlet.http.HttpServletResponse,javax.servlet.http.HttpServletRequest) throws java.text.ParseException
2018-08-23 22:48:47.381  INFO 8768 --- [restartedMain] s.w.s.m.m.a.RequestMappingHandlerMapping : Mapped "{[/order/findorderbydate],methods=[GET]}" onto public java.util.List<hsbc.groupthree.ordersystem.order.entity.OrderInfo> hsbc.groupthree.ordersystem.order.controller.OrderController.findOrderByDate(java.lang.String,javax.servlet.http.HttpServletResponse,javax.servlet.http.HttpServletRequest)
2018-08-23 22:48:47.382  INFO 8768 --- [restartedMain] s.w.s.m.m.a.RequestMappingHandlerMapping : Mapped "{[/order/toorder],methods=[POST]}" onto public java.lang.Object hsbc.groupthree.ordersystem.order.controller.OrderController.toOrder(java.lang.String,java.lang.String,javax.servlet.http.HttpServletResponse,javax.servlet.http.HttpServletRequest)
2018-08-23 22:48:47.382  INFO 8768 --- [restartedMain] s.w.s.m.m.a.RequestMappingHandlerMapping : Mapped "{[/order/findorder],methods=[GET]}" onto public java.lang.Object hsbc.groupthree.ordersystem.order.controller.OrderController.findOrderById(java.lang.String,javax.servlet.http.HttpServletResponse,javax.servlet.http.HttpServletRequest)
2018-08-23 22:48:47.383  INFO 8768 --- [restartedMain] s.w.s.m.m.a.RequestMappingHandlerMapping : Mapped "{[/order/sayhello]}" onto public java.lang.String hsbc.groupthree.ordersystem.order.controller.OrderController.show()
2018-08-23 22:48:47.385  INFO 8768 --- [restartedMain] s.w.s.m.m.a.RequestMappingHandlerMapping : Mapped "{[/findProduct/byProductCodeOrProductName],methods=[POST]}" onto public java.util.List<hsbc.groupthree.ordersystem.product.entity.ProductInfo> hsbc.groupthree.ordersystem.product.controller.ProductController.findByProductCodeOrProductName(java.lang.String,java.lang.String)
2018-08-23 22:48:47.385  INFO 8768 --- [restartedMain] s.w.s.m.m.a.RequestMappingHandlerMapping : Mapped "{[/user/get/products],methods=[POST]}" onto public org.springframework.data.domain.Page<hsbc.groupthree.ordersystem.product.entity.ProductInfo> hsbc.groupthree.ordersystem.product.controller.ProductController.getProduct(int,int,java.lang.String)
2018-08-23 22:48:47.385  INFO 8768 --- [restartedMain] s.w.s.m.m.a.RequestMappingHandlerMapping : Mapped "{[/productIndex],methods=[GET]}" onto public org.springframework.web.servlet.ModelAndView hsbc.groupthree.ordersystem.product.controller.ProductController.productIndex()
2018-08-23 22:48:47.386  INFO 8768 --- [restartedMain] s.w.s.m.m.a.RequestMappingHandlerMapping : Mapped "{[/export/systemlog],methods=[GET || POST]}" onto public java.lang.String hsbc.groupthree.ordersystem.systemlog.controller.SystemLogController.outputSystemLogList(int,javax.servlet.http.HttpServletResponse)
2018-08-23 22:48:47.388  INFO 8768 --- [restartedMain] s.w.s.m.m.a.RequestMappingHandlerMapping : Mapped "{[/get/system/log/list],methods=[GET]}" onto public org.springframework.data.domain.Page<hsbc.groupthree.ordersystem.systemlog.entity.SystemLog> hsbc.groupthree.ordersystem.systemlog.controller.SystemLogController.getSystemLogList(int)
2018-08-23 22:48:47.389  INFO 8768 --- [restartedMain] s.w.s.m.m.a.RequestMappingHandlerMapping : Mapped "{[/user/login/dologin],methods=[GET]}" onto public hsbc.groupthree.ordersystem.result.ResultInfo hsbc.groupthree.ordersystem.user.controller.LoginController.login(java.lang.String,java.lang.String,javax.servlet.http.HttpServletResponse)
2018-08-23 22:48:47.391  INFO 8768 --- [restartedMain] s.w.s.m.m.a.RequestMappingHandlerMapping : Mapped "{[/user/register/phone-number],methods=[GET]}" onto public hsbc.groupthree.ordersystem.result.ResultInfo hsbc.groupthree.ordersystem.user.controller.RegisterController.sendVerifyMessage(java.lang.String,javax.servlet.http.HttpServletResponse)
2018-08-23 22:48:47.391  INFO 8768 --- [restartedMain] s.w.s.m.m.a.RequestMappingHandlerMapping : Mapped "{[/user/register/verify-code],methods=[GET]}" onto public hsbc.groupthree.ordersystem.result.ResultInfo hsbc.groupthree.ordersystem.user.controller.RegisterController.verifyCode(java.lang.String,javax.servlet.http.HttpServletRequest,javax.servlet.http.HttpServletResponse)
2018-08-23 22:48:47.391  INFO 8768 --- [restartedMain] s.w.s.m.m.a.RequestMappingHandlerMapping : Mapped "{[/user/register/login-message],methods=[POST]}" onto public hsbc.groupthree.ordersystem.result.ResultInfo hsbc.groupthree.ordersystem.user.controller.RegisterController.loginMessage(hsbc.groupthree.ordersystem.user.entity.UserInfo,org.springframework.validation.BindingResult)
2018-08-23 22:48:47.392  INFO 8768 --- [restartedMain] s.w.s.m.m.a.RequestMappingHandlerMapping : Mapped "{[/user/register/username-check],methods=[GET]}" onto public hsbc.groupthree.ordersystem.result.ResultInfo hsbc.groupthree.ordersystem.user.controller.RegisterController.usernameCheck(java.lang.String)
2018-08-23 22:48:47.396  INFO 8768 --- [restartedMain] s.w.s.m.m.a.RequestMappingHandlerMapping : Mapped "{[/error]}" onto public org.springframework.http.ResponseEntity<java.util.Map<java.lang.String, java.lang.Object>> org.springframework.boot.autoconfigure.web.servlet.error.BasicErrorController.error(javax.servlet.http.HttpServletRequest)
2018-08-23 22:48:47.397  INFO 8768 --- [restartedMain] s.w.s.m.m.a.RequestMappingHandlerMapping : Mapped "{[/error],produces=[text/html]}" onto public org.springframework.web.servlet.ModelAndView org.springframework.boot.autoconfigure.web.servlet.error.BasicErrorController.errorHtml(javax.servlet.http.HttpServletRequest,javax.servlet.http.HttpServletResponse)
2018-08-23 22:48:47.471  INFO 8768 --- [restartedMain] o.s.w.s.handler.SimpleUrlHandlerMapping  : Mapped URL path [/webjars/**] onto handler of type [class org.springframework.web.servlet.resource.ResourceHttpRequestHandler]
2018-08-23 22:48:47.471  INFO 8768 --- [restartedMain] o.s.w.s.handler.SimpleUrlHandlerMapping  : Mapped URL path [/**] onto handler of type [class org.springframework.web.servlet.resource.ResourceHttpRequestHandler]
2018-08-23 22:48:47.546  INFO 8768 --- [restartedMain] o.s.b.a.w.s.WelcomePageHandlerMapping    : Adding welcome page: class path resource [templates/index.html]
2018-08-23 22:48:49.611  INFO 8768 --- [restartedMain] o.s.b.d.a.OptionalLiveReloadServer       : LiveReload server is running on port 35729
2018-08-23 22:48:49.664  INFO 8768 --- [restartedMain] o.s.j.e.a.AnnotationMBeanExporter        : Registering beans for JMX exposure on startup
2018-08-23 22:48:49.665  INFO 8768 --- [restartedMain] o.s.j.e.a.AnnotationMBeanExporter        : Bean with name 'dataSource' has been autodetected for JMX exposure
2018-08-23 22:48:49.673  INFO 8768 --- [restartedMain] o.s.j.e.a.AnnotationMBeanExporter        : Located MBean 'dataSource': registering with JMX server as MBean [com.zaxxer.hikari:name=dataSource,type=HikariDataSource]
2018-08-23 22:48:49.687  INFO 8768 --- [restartedMain] s.a.ScheduledAnnotationBeanPostProcessor : No TaskScheduler/ScheduledExecutorService bean found for scheduled processing
2018-08-23 22:48:49.729  INFO 8768 --- [restartedMain] o.s.b.w.embedded.tomcat.TomcatWebServer  : Tomcat started on port(s): 8083 (http) with context path ''
2018-08-23 22:48:49.733  INFO 8768 --- [restartedMain] h.g.ordersystem.OrdersystemApplication   : Started OrdersystemApplication in 13.647 seconds (JVM running for 15.376)
2018-08-23 23:28:47.273  INFO 9860 --- [restartedMain] h.g.ordersystem.OrdersystemApplication   : Starting OrdersystemApplication on PaulGeorge with PID 9860 (C:\Users\lenovo\Desktop\NewOrderSystem\target\classes started by lenovo in C:\Users\lenovo\Desktop\NewOrderSystem)
2018-08-23 23:28:47.276  INFO 9860 --- [restartedMain] h.g.ordersystem.OrdersystemApplication   : No active profile set, falling back to default profiles: default
2018-08-23 23:28:47.503  INFO 9860 --- [restartedMain] ConfigServletWebServerApplicationContext : Refreshing org.springframework.boot.web.servlet.context.AnnotationConfigServletWebServerApplicationContext@17b586da: startup date [Thu Aug 23 23:28:47 CST 2018]; root of context hierarchy
2018-08-23 23:28:49.221  INFO 9860 --- [restartedMain] .s.d.r.c.RepositoryConfigurationDelegate : Multiple Spring Data modules found, entering strict repository configuration mode!
2018-08-23 23:28:49.478  INFO 9860 --- [restartedMain] .s.d.r.c.RepositoryConfigurationDelegate : Multiple Spring Data modules found, entering strict repository configuration mode!
2018-08-23 23:28:49.566  INFO 9860 --- [restartedMain] .RepositoryConfigurationExtensionSupport : Spring Data Redis - Could not safely identify store assignment for repository candidate interface hsbc.groupthree.ordersystem.manager.repository.ManagerLoginRepository.
2018-08-23 23:28:49.567  INFO 9860 --- [restartedMain] .RepositoryConfigurationExtensionSupport : Spring Data Redis - Could not safely identify store assignment for repository candidate interface hsbc.groupthree.ordersystem.manager.repository.ManagerRepository.
2018-08-23 23:28:49.568  INFO 9860 --- [restartedMain] .RepositoryConfigurationExtensionSupport : Spring Data Redis - Could not safely identify store assignment for repository candidate interface hsbc.groupthree.ordersystem.order.repository.OrderRepository.
2018-08-23 23:28:49.569  INFO 9860 --- [restartedMain] .RepositoryConfigurationExtensionSupport : Spring Data Redis - Could not safely identify store assignment for repository candidate interface hsbc.groupthree.ordersystem.product.repository.ProductRepository.
2018-08-23 23:28:49.570  INFO 9860 --- [restartedMain] .RepositoryConfigurationExtensionSupport : Spring Data Redis - Could not safely identify store assignment for repository candidate interface hsbc.groupthree.ordersystem.product.repository.ProductTypeRepository.
2018-08-23 23:28:49.570  INFO 9860 --- [restartedMain] .RepositoryConfigurationExtensionSupport : Spring Data Redis - Could not safely identify store assignment for repository candidate interface hsbc.groupthree.ordersystem.systemlog.repository.SystemLogRepository.
2018-08-23 23:28:49.571  INFO 9860 --- [restartedMain] .RepositoryConfigurationExtensionSupport : Spring Data Redis - Could not safely identify store assignment for repository candidate interface hsbc.groupthree.ordersystem.user.repository.RoleInfoRepository.
2018-08-23 23:28:49.575  INFO 9860 --- [restartedMain] .RepositoryConfigurationExtensionSupport : Spring Data Redis - Could not safely identify store assignment for repository candidate interface hsbc.groupthree.ordersystem.user.repository.UserRepository.
2018-08-23 23:28:50.212  INFO 9860 --- [restartedMain] trationDelegate$BeanPostProcessorChecker : Bean 'org.springframework.transaction.annotation.ProxyTransactionManagementConfiguration' of type [org.springframework.transaction.annotation.ProxyTransactionManagementConfiguration$$EnhancerBySpringCGLIB$$eb718ddb] is not eligible for getting processed by all BeanPostProcessors (for example: not eligible for auto-proxying)
2018-08-23 23:28:50.280  INFO 9860 --- [restartedMain] trationDelegate$BeanPostProcessorChecker : Bean 'org.springframework.security.config.annotation.configuration.ObjectPostProcessorConfiguration' of type [org.springframework.security.config.annotation.configuration.ObjectPostProcessorConfiguration$$EnhancerBySpringCGLIB$$841f5615] is not eligible for getting processed by all BeanPostProcessors (for example: not eligible for auto-proxying)
2018-08-23 23:28:50.291  INFO 9860 --- [restartedMain] trationDelegate$BeanPostProcessorChecker : Bean 'objectPostProcessor' of type [org.springframework.security.config.annotation.configuration.AutowireBeanFactoryObjectPostProcessor] is not eligible for getting processed by all BeanPostProcessors (for example: not eligible for auto-proxying)
2018-08-23 23:28:50.294  INFO 9860 --- [restartedMain] trationDelegate$BeanPostProcessorChecker : Bean 'org.springframework.security.access.expression.method.DefaultMethodSecurityExpressionHandler@5c6c5ddf' of type [org.springframework.security.access.expression.method.DefaultMethodSecurityExpressionHandler] is not eligible for getting processed by all BeanPostProcessors (for example: not eligible for auto-proxying)
2018-08-23 23:28:50.308  INFO 9860 --- [restartedMain] trationDelegate$BeanPostProcessorChecker : Bean 'org.springframework.security.config.annotation.method.configuration.GlobalMethodSecurityConfiguration' of type [org.springframework.security.config.annotation.method.configuration.GlobalMethodSecurityConfiguration$$EnhancerBySpringCGLIB$$a8f3f8c7] is not eligible for getting processed by all BeanPostProcessors (for example: not eligible for auto-proxying)
2018-08-23 23:28:50.321  INFO 9860 --- [restartedMain] trationDelegate$BeanPostProcessorChecker : Bean 'methodSecurityMetadataSource' of type [org.springframework.security.access.method.DelegatingMethodSecurityMetadataSource] is not eligible for getting processed by all BeanPostProcessors (for example: not eligible for auto-proxying)
2018-08-23 23:28:50.874  INFO 9860 --- [restartedMain] o.s.b.w.embedded.tomcat.TomcatWebServer  : Tomcat initialized with port(s): 8083 (http)
2018-08-23 23:28:50.903  INFO 9860 --- [restartedMain] o.apache.catalina.core.StandardService   : Starting service [Tomcat]
2018-08-23 23:28:50.903  INFO 9860 --- [restartedMain] org.apache.catalina.core.StandardEngine  : Starting Servlet Engine: Apache Tomcat/8.5.31
2018-08-23 23:28:50.908  INFO 9860 --- [localhost-startStop-1] o.a.catalina.core.AprLifecycleListener   : The APR based Apache Tomcat Native library which allows optimal performance in production environments was not found on the java.library.path: [D:\java jdk8\bin;C:\Windows\Sun\Java\bin;C:\Windows\system32;C:\Windows;D:\Python3.6.5\Scripts\;D:\Python3.6.5\;C:\ProgramData\Oracle\Java\javapath;D:\JDK\bin;C:\Program Files (x86)\Lenovo\FusionEngine;C:\Program Files (x86)\Intel\iCLS Client\;C:\Program Files\Intel\iCLS Client\;C:\Windows\system32;C:\Windows;C:\Windows\System32\Wbem;C:\Windows\System32\WindowsPowerShell\v1.0\;C:\Program Files (x86)\ATI Technologies\ATI.ACE\Core-Static;C:\Program Files\Intel\Intel(R) Management Engine Components\DAL;C:\Program Files\Intel\Intel(R) Management Engine Components\IPT;C:\Program Files (x86)\Intel\Intel(R) Management Engine Components\DAL;C:\Program Files (x86)\Intel\Intel(R) Management Engine Components\IPT;C:\Program Files (x86)\Common Files\lenovo\easyplussdk\bin;D:\matlab\runtime\win64;D:\matlab\bin;C:\Program Files (x86)\Microsoft SDKs\TypeScript\1.0\;C:\Program Files\Microsoft SQL Server\110\Tools\Binn\;C:\Program Files (x86)\GtkSharp\2.12\bin;C:\Program Files\Microsoft SQL Server\110\DTS\Binn\;C:\Program Files (x86)\Microsoft SQL Server\110\Tools\Binn\;C:\Program Files (x86)\Microsoft SQL Server\110\Tools\Binn\ManagementStudio\;C:\Program Files (x86)\Microsoft Visual Studio 10.0\Common7\IDE\PrivateAssemblies\;C:\Program Files (x86)\Microsoft SQL Server\110\DTS\Binn\;D:\xampp\php;D:\php-7.1.10;D:\wamp64\bin\php\php7.1.9;D:\wamp64\bin\php\php7.0.23;D:\wamp64\bin\php\php5.6.31;D:\wamp64\www\yii\framework;C:\Program Files\Microsoft SQL Server\130\Tools\Binn\;%CATALINA_HOME%\bin\;D:\Tomcat 8.5\bin\;C:\JAVA\bin;D:\java jdk8\bin;D:\apache-maven-3.5.2-bin\apache-maven-3.5.2\bin;D:\Git 2.13.0\Git\cmd;D:\MySQL Server 5.5\bin;D:\maven\apache-maven-3.5.4-bin\apache-maven-3.5.4\bin;D:\Node.JS\;C:\JAVA\bin;D:\Users\lenovo\Anaconda2;D:\Users\lenovo\Anaconda2\Scripts;D:\Users\lenovo\Anaconda2\Library\bin;C:\ProgramData\Oracle\Java\javapath;D:\JDK\bin;C:\Program Files (x86)\Lenovo\FusionEngine;C:\Program Files (x86)\Intel\iCLS Client\;C:\Program Files\Intel\iCLS Client\;C:\Windows\system32;C:\Windows;C:\Windows\System32\Wbem;C:\Windows\System32\WindowsPowerShell\v1.0\;C:\Program Files (x86)\ATI Technologies\ATI.ACE\Core-Static;C:\Program Files\Intel\Intel(R) Management Engine Components\DAL;C:\Program Files\Intel\Intel(R) Management Engine Components\IPT;C:\Program Files (x86)\Intel\Intel(R) Management Engine Components\DAL;C:\Program Files (x86)\Intel\Intel(R) Management Engine Components\IPT;C:\Program Files (x86)\Common Files\lenovo\easyplussdk\bin;D:\matlab\runtime\win64;D:\matlab\bin;C:\Program Files (x86)\Microsoft SDKs\TypeScript\1.0\;C:\Program Files\Microsoft SQL Server\110\Tools\Binn\;C:\Program Files (x86)\GtkSharp\2.12\bin;C:\Program Files\Microsoft SQL Server\110\DTS\Binn\;C:\Program Files;D:\node.js\node_global\;C:\Users\lenovo\AppData\Roaming\npm;.]
2018-08-23 23:28:51.151  INFO 9860 --- [localhost-startStop-1] o.a.c.c.C.[Tomcat].[localhost].[/]       : Initializing Spring embedded WebApplicationContext
2018-08-23 23:28:51.152  INFO 9860 --- [localhost-startStop-1] o.s.web.context.ContextLoader            : Root WebApplicationContext: initialization completed in 3649 ms
2018-08-23 23:28:51.724  INFO 9860 --- [localhost-startStop-1] j.LocalContainerEntityManagerFactoryBean : Building JPA container EntityManagerFactory for persistence unit 'default'
2018-08-23 23:28:51.857  INFO 9860 --- [localhost-startStop-1] o.hibernate.jpa.internal.util.LogHelper  : HHH000204: Processing PersistenceUnitInfo [
	name: default
	...]
2018-08-23 23:28:51.957  INFO 9860 --- [localhost-startStop-1] org.hibernate.Version                    : HHH000412: Hibernate Core {5.2.17.Final}
2018-08-23 23:28:51.961  INFO 9860 --- [localhost-startStop-1] org.hibernate.cfg.Environment            : HHH000206: hibernate.properties not found
2018-08-23 23:28:52.015  INFO 9860 --- [localhost-startStop-1] o.hibernate.annotations.common.Version   : HCANN000001: Hibernate Commons Annotations {5.0.1.Final}
2018-08-23 23:28:53.121  INFO 9860 --- [localhost-startStop-1] com.zaxxer.hikari.HikariDataSource       : HikariPool-1 - Starting...
2018-08-23 23:28:53.417  INFO 9860 --- [localhost-startStop-1] com.zaxxer.hikari.HikariDataSource       : HikariPool-1 - Start completed.
2018-08-23 23:28:53.430  INFO 9860 --- [localhost-startStop-1] org.hibernate.dialect.Dialect            : HHH000400: Using dialect: org.hibernate.dialect.MySQL5Dialect
2018-08-23 23:28:54.524  INFO 9860 --- [localhost-startStop-1] j.LocalContainerEntityManagerFactoryBean : Initialized JPA EntityManagerFactory for persistence unit 'default'
2018-08-23 23:28:54.911  INFO 9860 --- [localhost-startStop-1] o.h.h.i.QueryTranslatorFactoryInitiator  : HHH000397: Using ASTQueryTranslatorFactory
2018-08-23 23:28:55.407  INFO 9860 --- [localhost-startStop-1] o.s.b.w.servlet.FilterRegistrationBean   : Mapping filter: 'characterEncodingFilter' to: [/*]
2018-08-23 23:28:55.409  INFO 9860 --- [localhost-startStop-1] o.s.b.w.servlet.FilterRegistrationBean   : Mapping filter: 'hiddenHttpMethodFilter' to: [/*]
2018-08-23 23:28:55.409  INFO 9860 --- [localhost-startStop-1] o.s.b.w.servlet.FilterRegistrationBean   : Mapping filter: 'httpPutFormContentFilter' to: [/*]
2018-08-23 23:28:55.410  INFO 9860 --- [localhost-startStop-1] o.s.b.w.servlet.FilterRegistrationBean   : Mapping filter: 'requestContextFilter' to: [/*]
2018-08-23 23:28:55.411  INFO 9860 --- [localhost-startStop-1] .s.DelegatingFilterProxyRegistrationBean : Mapping filter: 'springSecurityFilterChain' to: [/*]
2018-08-23 23:28:55.412  INFO 9860 --- [localhost-startStop-1] o.s.b.w.servlet.FilterRegistrationBean   : Mapping filter: 'authenticationFilter' to: [/*]
2018-08-23 23:28:55.412  INFO 9860 --- [localhost-startStop-1] o.s.b.w.servlet.ServletRegistrationBean  : Servlet dispatcherServlet mapped to [/]
2018-08-23 23:28:56.263  INFO 9860 --- [restartedMain] o.s.s.web.DefaultSecurityFilterChain     : Creating filter chain: org.springframework.security.web.util.matcher.AnyRequestMatcher@1, [org.springframework.security.web.context.request.async.WebAsyncManagerIntegrationFilter@37d713a2, org.springframework.security.web.context.SecurityContextPersistenceFilter@3d0d627b, org.springframework.security.web.header.HeaderWriterFilter@7ba82bbe, org.springframework.security.web.authentication.logout.LogoutFilter@28889c67, hsbc.groupthree.ordersystem.commons.security.JwtAthenticationFilter@4c26ddaf, org.springframework.security.web.savedrequest.RequestCacheAwareFilter@55ddc21d, org.springframework.security.web.servletapi.SecurityContextHolderAwareRequestFilter@5316b877, org.springframework.security.web.authentication.AnonymousAuthenticationFilter@195be1d3, org.springframework.security.web.session.SessionManagementFilter@68ea1482, org.springframework.security.web.access.ExceptionTranslationFilter@d5f43f9, org.springframework.security.web.access.intercept.FilterSecurityInterceptor@66727cff]
2018-08-23 23:28:56.401  INFO 9860 --- [restartedMain] o.s.w.s.handler.SimpleUrlHandlerMapping  : Mapped URL path [/**/favicon.ico] onto handler of type [class org.springframework.web.servlet.resource.ResourceHttpRequestHandler]
2018-08-23 23:28:56.682  INFO 9860 --- [restartedMain] s.w.s.m.m.a.RequestMappingHandlerAdapter : Looking for @ControllerAdvice: org.springframework.boot.web.servlet.context.AnnotationConfigServletWebServerApplicationContext@17b586da: startup date [Thu Aug 23 23:28:47 CST 2018]; root of context hierarchy
2018-08-23 23:28:56.720  WARN 9860 --- [restartedMain] aWebConfiguration$JpaWebMvcConfiguration : spring.jpa.open-in-view is enabled by default. Therefore, database queries may be performed during view rendering. Explicitly configure spring.jpa.open-in-view to disable this warning
2018-08-23 23:28:56.764  INFO 9860 --- [restartedMain] s.w.s.m.m.a.RequestMappingHandlerMapping : Mapped "{[/manager/delete/products],methods=[POST]}" onto public int hsbc.groupthree.ordersystem.manager.controller.ManagerController.deleteProductByProductId(hsbc.groupthree.ordersystem.product.entity.ProductInfo)
2018-08-23 23:28:56.766  INFO 9860 --- [restartedMain] s.w.s.m.m.a.RequestMappingHandlerMapping : Mapped "{[/manager/findProduct/byProductCodeOrProductName],methods=[POST]}" onto public java.util.List<hsbc.groupthree.ordersystem.product.entity.ProductInfo> hsbc.groupthree.ordersystem.manager.controller.ManagerController.findByProductCodeOrProductName(java.lang.String,java.lang.String)
2018-08-23 23:28:56.767  INFO 9860 --- [restartedMain] s.w.s.m.m.a.RequestMappingHandlerMapping : Mapped "{[/get/productType],methods=[GET]}" onto public java.util.List<hsbc.groupthree.ordersystem.product.entity.ProductTypeInfo> hsbc.groupthree.ordersystem.manager.controller.ManagerController.getProductTypeList()
2018-08-23 23:28:56.767  INFO 9860 --- [restartedMain] s.w.s.m.m.a.RequestMappingHandlerMapping : Mapped "{[/manager/productlist],methods=[POST]}" onto public org.springframework.data.domain.Page<hsbc.groupthree.ordersystem.product.entity.ProductInfo> hsbc.groupthree.ordersystem.manager.controller.ManagerController.getAllProduct(int,int,java.lang.String)
2018-08-23 23:28:56.768  INFO 9860 --- [restartedMain] s.w.s.m.m.a.RequestMappingHandlerMapping : Mapped "{[/manager/add/products],methods=[POST]}" onto public java.lang.Boolean hsbc.groupthree.ordersystem.manager.controller.ManagerController.addProduct(hsbc.groupthree.ordersystem.product.entity.ProductInfo,java.lang.String,org.springframework.web.multipart.MultipartFile)
2018-08-23 23:28:56.768  INFO 9860 --- [restartedMain] s.w.s.m.m.a.RequestMappingHandlerMapping : Mapped "{[/manager/login]}" onto public hsbc.groupthree.ordersystem.result.ResultInfo hsbc.groupthree.ordersystem.manager.controller.ManagerController.login(java.lang.String,java.lang.String,javax.servlet.http.HttpServletResponse)
2018-08-23 23:28:56.772  INFO 9860 --- [restartedMain] s.w.s.m.m.a.RequestMappingHandlerMapping : Mapped "{[/order/showuserorder],methods=[GET]}" onto public java.util.List<hsbc.groupthree.ordersystem.order.entity.OrderInfo> hsbc.groupthree.ordersystem.order.controller.OrderController.showAllOrderOfUser(java.lang.String,javax.servlet.http.HttpServletResponse,javax.servlet.http.HttpServletRequest)
2018-08-23 23:28:56.772  INFO 9860 --- [restartedMain] s.w.s.m.m.a.RequestMappingHandlerMapping : Mapped "{[/order/findorderbyproductselldate],methods=[GET]}" onto public java.util.List<hsbc.groupthree.ordersystem.order.entity.OrderInfo> hsbc.groupthree.ordersystem.order.controller.OrderController.findOrderByProductSellDate(java.lang.String,javax.servlet.http.HttpServletRequest,javax.servlet.http.HttpServletResponse)
2018-08-23 23:28:56.773  INFO 9860 --- [restartedMain] s.w.s.m.m.a.RequestMappingHandlerMapping : Mapped "{[/order/findorderbyproductduelate],methods=[GET]}" onto public java.util.List<hsbc.groupthree.ordersystem.order.entity.OrderInfo> hsbc.groupthree.ordersystem.order.controller.OrderController.findOrderByProductDuelate(java.lang.String,javax.servlet.http.HttpServletResponse,javax.servlet.http.HttpServletRequest)
2018-08-23 23:28:56.773  INFO 9860 --- [restartedMain] s.w.s.m.m.a.RequestMappingHandlerMapping : Mapped "{[/order/findorderbydate],methods=[GET]}" onto public java.util.List<hsbc.groupthree.ordersystem.order.entity.OrderInfo> hsbc.groupthree.ordersystem.order.controller.OrderController.findOrderByDate(java.lang.String,javax.servlet.http.HttpServletResponse,javax.servlet.http.HttpServletRequest)
2018-08-23 23:28:56.774  INFO 9860 --- [restartedMain] s.w.s.m.m.a.RequestMappingHandlerMapping : Mapped "{[/order/toorder],methods=[POST]}" onto public java.lang.Object hsbc.groupthree.ordersystem.order.controller.OrderController.toOrder(java.lang.String,java.lang.String,javax.servlet.http.HttpServletResponse,javax.servlet.http.HttpServletRequest)
2018-08-23 23:28:56.775  INFO 9860 --- [restartedMain] s.w.s.m.m.a.RequestMappingHandlerMapping : Mapped "{[/order/tocancelorder],methods=[POST]}" onto public java.lang.Object hsbc.groupthree.ordersystem.order.controller.OrderController.toCancelOrder(java.lang.String,java.lang.String,javax.servlet.http.HttpServletResponse,javax.servlet.http.HttpServletRequest) throws java.text.ParseException
2018-08-23 23:28:56.775  INFO 9860 --- [restartedMain] s.w.s.m.m.a.RequestMappingHandlerMapping : Mapped "{[/order/findorder],methods=[GET]}" onto public java.lang.Object hsbc.groupthree.ordersystem.order.controller.OrderController.findOrderById(java.lang.String,javax.servlet.http.HttpServletResponse,javax.servlet.http.HttpServletRequest)
2018-08-23 23:28:56.775  INFO 9860 --- [restartedMain] s.w.s.m.m.a.RequestMappingHandlerMapping : Mapped "{[/order/sayhello]}" onto public java.lang.String hsbc.groupthree.ordersystem.order.controller.OrderController.show()
2018-08-23 23:28:56.776  INFO 9860 --- [restartedMain] s.w.s.m.m.a.RequestMappingHandlerMapping : Mapped "{[/user/get/products],methods=[POST]}" onto public org.springframework.data.domain.Page<hsbc.groupthree.ordersystem.product.entity.ProductInfo> hsbc.groupthree.ordersystem.product.controller.ProductController.getProduct(int,int,java.lang.String)
2018-08-23 23:28:56.777  INFO 9860 --- [restartedMain] s.w.s.m.m.a.RequestMappingHandlerMapping : Mapped "{[/findProduct/byProductCodeOrProductName],methods=[POST]}" onto public java.util.List<hsbc.groupthree.ordersystem.product.entity.ProductInfo> hsbc.groupthree.ordersystem.product.controller.ProductController.findByProductCodeOrProductName(java.lang.String,java.lang.String)
2018-08-23 23:28:56.777  INFO 9860 --- [restartedMain] s.w.s.m.m.a.RequestMappingHandlerMapping : Mapped "{[/productIndex],methods=[GET]}" onto public org.springframework.web.servlet.ModelAndView hsbc.groupthree.ordersystem.product.controller.ProductController.productIndex()
2018-08-23 23:28:56.778  INFO 9860 --- [restartedMain] s.w.s.m.m.a.RequestMappingHandlerMapping : Mapped "{[/export/systemlog],methods=[GET || POST]}" onto public java.lang.String hsbc.groupthree.ordersystem.systemlog.controller.SystemLogController.outputSystemLogList(int,javax.servlet.http.HttpServletResponse)
2018-08-23 23:28:56.779  INFO 9860 --- [restartedMain] s.w.s.m.m.a.RequestMappingHandlerMapping : Mapped "{[/get/system/log/list],methods=[GET]}" onto public org.springframework.data.domain.Page<hsbc.groupthree.ordersystem.systemlog.entity.SystemLog> hsbc.groupthree.ordersystem.systemlog.controller.SystemLogController.getSystemLogList(int)
2018-08-23 23:28:56.780  INFO 9860 --- [restartedMain] s.w.s.m.m.a.RequestMappingHandlerMapping : Mapped "{[/user/login/dologin],methods=[GET]}" onto public hsbc.groupthree.ordersystem.result.ResultInfo hsbc.groupthree.ordersystem.user.controller.LoginController.login(java.lang.String,java.lang.String,javax.servlet.http.HttpServletResponse)
2018-08-23 23:28:56.782  INFO 9860 --- [restartedMain] s.w.s.m.m.a.RequestMappingHandlerMapping : Mapped "{[/user/register/phone-number],methods=[GET]}" onto public hsbc.groupthree.ordersystem.result.ResultInfo hsbc.groupthree.ordersystem.user.controller.RegisterController.sendVerifyMessage(java.lang.String,javax.servlet.http.HttpServletResponse)
2018-08-23 23:28:56.782  INFO 9860 --- [restartedMain] s.w.s.m.m.a.RequestMappingHandlerMapping : Mapped "{[/user/register/username-check],methods=[GET]}" onto public hsbc.groupthree.ordersystem.result.ResultInfo hsbc.groupthree.ordersystem.user.controller.RegisterController.usernameCheck(java.lang.String)
2018-08-23 23:28:56.782  INFO 9860 --- [restartedMain] s.w.s.m.m.a.RequestMappingHandlerMapping : Mapped "{[/user/register/verify-code],methods=[GET]}" onto public hsbc.groupthree.ordersystem.result.ResultInfo hsbc.groupthree.ordersystem.user.controller.RegisterController.verifyCode(java.lang.String,javax.servlet.http.HttpServletRequest,javax.servlet.http.HttpServletResponse)
2018-08-23 23:28:56.782  INFO 9860 --- [restartedMain] s.w.s.m.m.a.RequestMappingHandlerMapping : Mapped "{[/user/register/login-message],methods=[POST]}" onto public hsbc.groupthree.ordersystem.result.ResultInfo hsbc.groupthree.ordersystem.user.controller.RegisterController.loginMessage(hsbc.groupthree.ordersystem.user.entity.UserInfo,org.springframework.validation.BindingResult)
2018-08-23 23:28:56.785  INFO 9860 --- [restartedMain] s.w.s.m.m.a.RequestMappingHandlerMapping : Mapped "{[/error]}" onto public org.springframework.http.ResponseEntity<java.util.Map<java.lang.String, java.lang.Object>> org.springframework.boot.autoconfigure.web.servlet.error.BasicErrorController.error(javax.servlet.http.HttpServletRequest)
2018-08-23 23:28:56.786  INFO 9860 --- [restartedMain] s.w.s.m.m.a.RequestMappingHandlerMapping : Mapped "{[/error],produces=[text/html]}" onto public org.springframework.web.servlet.ModelAndView org.springframework.boot.autoconfigure.web.servlet.error.BasicErrorController.errorHtml(javax.servlet.http.HttpServletRequest,javax.servlet.http.HttpServletResponse)
2018-08-23 23:28:56.832  INFO 9860 --- [restartedMain] o.s.w.s.handler.SimpleUrlHandlerMapping  : Mapped URL path [/webjars/**] onto handler of type [class org.springframework.web.servlet.resource.ResourceHttpRequestHandler]
2018-08-23 23:28:56.833  INFO 9860 --- [restartedMain] o.s.w.s.handler.SimpleUrlHandlerMapping  : Mapped URL path [/**] onto handler of type [class org.springframework.web.servlet.resource.ResourceHttpRequestHandler]
2018-08-23 23:28:56.901  INFO 9860 --- [restartedMain] o.s.b.a.w.s.WelcomePageHandlerMapping    : Adding welcome page: class path resource [templates/index.html]
2018-08-23 23:28:58.796  INFO 9860 --- [restartedMain] o.s.b.d.a.OptionalLiveReloadServer       : LiveReload server is running on port 35729
2018-08-23 23:28:58.844  INFO 9860 --- [restartedMain] o.s.j.e.a.AnnotationMBeanExporter        : Registering beans for JMX exposure on startup
2018-08-23 23:28:58.846  INFO 9860 --- [restartedMain] o.s.j.e.a.AnnotationMBeanExporter        : Bean with name 'dataSource' has been autodetected for JMX exposure
2018-08-23 23:28:58.854  INFO 9860 --- [restartedMain] o.s.j.e.a.AnnotationMBeanExporter        : Located MBean 'dataSource': registering with JMX server as MBean [com.zaxxer.hikari:name=dataSource,type=HikariDataSource]
